<?xml version="1.0" encoding="UTF-8"?>
<!-- Generated by org.testng.reporters.JUnitXMLReporter -->
<testsuite ignored="9" hostname="abhi" failures="0" tests="1" name="Default test" time="14.177" errors="0" timestamp="2022-07-14T01:05:24 BST">
  <testcase classname="ChallengingDom.heroChallengingDom.HomeTest" name="checkButtonTextAfterClick" time="1.353"/>
  <testcase classname="ChallengingDom.heroChallengingDom.HomeTest" name="validateFooter" time="0.0">
    <ignored/>
  </testcase> <!-- validateFooter -->
  <testcase classname="ChallengingDom.heroChallengingDom.HomeTest" name="checkPageHeading" time="0.0">
    <ignored/>
  </testcase> <!-- checkPageHeading -->
  <testcase classname="ChallengingDom.heroChallengingDom.HomeTest" name="checkAnswerClickSuccess" time="0.0">
    <ignored/>
  </testcase> <!-- checkAnswerClickSuccess -->
  <testcase classname="ChallengingDom.heroChallengingDom.HomeTest" name="editTableFirstRow" time="0.0">
    <ignored/>
  </testcase> <!-- editTableFirstRow -->
  <testcase classname="ChallengingDom.heroChallengingDom.HomeTest" name="printTableHeadings" time="0.0">
    <ignored/>
  </testcase> <!-- printTableHeadings -->
  <testcase classname="ChallengingDom.heroChallengingDom.HomeTest" name="deleteTableFirstRow" time="0.0">
    <ignored/>
  </testcase> <!-- deleteTableFirstRow -->
  <testcase classname="ChallengingDom.heroChallengingDom.HomeTest" name="printFirstRow" time="0.0">
    <ignored/>
  </testcase> <!-- printFirstRow -->
  <testcase classname="ChallengingDom.heroChallengingDom.HomeTest" name="checkAlertButtonTextAfterClick" time="0.0">
    <ignored/>
  </testcase> <!-- checkAlertButtonTextAfterClick -->
  <testcase classname="ChallengingDom.heroChallengingDom.HomeTest" name="displayHeadingDiscription" time="0.0">
    <ignored/>
  </testcase> <!-- displayHeadingDiscription -->
</testsuite> <!-- Default test -->
