<?xml version="1.0" encoding="UTF-8"?>
<!-- Generated by org.testng.reporters.JUnitXMLReporter -->
<testsuite ignored="0" hostname="abhi" failures="0" tests="10" name="Test" time="16.438" errors="0" timestamp="2022-07-14T01:05:54 BST">
  <testcase classname="ChallengingDom.heroChallengingDom.HomeTest" name="checkAlertButtonTextAfterClick" time="1.285"/>
  <testcase classname="ChallengingDom.heroChallengingDom.HomeTest" name="checkAnswerClickSuccess" time="0.629"/>
  <testcase classname="ChallengingDom.heroChallengingDom.HomeTest" name="checkButtonTextAfterClick" time="0.79"/>
  <testcase classname="ChallengingDom.heroChallengingDom.HomeTest" name="checkPageHeading" time="0.14"/>
  <testcase classname="ChallengingDom.heroChallengingDom.HomeTest" name="deleteTableFirstRow" time="0.125"/>
  <testcase classname="ChallengingDom.heroChallengingDom.HomeTest" name="displayHeadingDiscription" time="0.08"/>
  <testcase classname="ChallengingDom.heroChallengingDom.HomeTest" name="editTableFirstRow" time="0.137"/>
  <testcase classname="ChallengingDom.heroChallengingDom.HomeTest" name="printFirstRow" time="0.145"/>
  <testcase classname="ChallengingDom.heroChallengingDom.HomeTest" name="printTableHeadings" time="0.144"/>
  <testcase classname="ChallengingDom.heroChallengingDom.HomeTest" name="validateFooter" time="0.072"/>
</testsuite> <!-- Test -->
